<?xml version="1.0" encoding="UTF-8"?>
<!-- Generated by org.testng.reporters.JUnitReportReporter -->
<testsuite hostname="DESKTOP-J11RMNP" failures="0" tests="1" name="tests.UserRegistrationTest" time="0.933" errors="0" timestamp="2025-08-11T00:37:47 WAT" skipped="0">
  <testcase classname="tests.UserRegistrationTest" name="UserCanRegisterSuccessfully" time="0.933"/>
</testsuite> <!-- tests.UserRegistrationTest -->
