<?xml version="1.0" encoding="UTF-8"?>
<!-- Generated by org.testng.reporters.JUnitReportReporter -->
<testsuite hostname="DESKTOP-J11RMNP" failures="0" tests="3" name="tests.AddProductToShoppingCartTest" time="15.661" errors="0" timestamp="2025-08-17T14:15:23 WAT" skipped="0">
  <testcase classname="tests.AddProductToShoppingCartTest" name="UserCanSearchForProductsWithAutoSuggest" time="13.834"/>
  <testcase classname="tests.AddProductToShoppingCartTest" name="UserCanAddProductToShoppingCart" time="1.770"/>
  <testcase classname="tests.AddProductToShoppingCartTest" name="UserCanRemoveProductFromCart" time="0.057"/>
</testsuite> <!-- tests.AddProductToShoppingCartTest -->
