<?xml version="1.0" encoding="UTF-8"?>
<!-- Generated by org.testng.reporters.JUnitReportReporter -->
<testsuite hostname="DESKTOP-J11RMNP" failures="0" tests="3" name="tests.UserRegistrationTestWithJavaFaker" time="4.508" errors="0" timestamp="2025-08-17T19:13:50 WAT" skipped="0">
  <testcase classname="tests.UserRegistrationTestWithJavaFaker" name="RegisteredUserCanLogout" time="0.703"/>
  <testcase classname="tests.UserRegistrationTestWithJavaFaker" name="RegisteredUserCanLogin" time="1.219"/>
  <testcase classname="tests.UserRegistrationTestWithJavaFaker" name="UserCanRegisterSuccssfully" time="2.586"/>
</testsuite> <!-- tests.UserRegistrationTestWithJavaFaker -->
