<?xml version="1.0" encoding="UTF-8"?>
<!-- Generated by org.testng.reporters.JUnitReportReporter -->
<testsuite hostname="DESKTOP-J11RMNP" failures="0" tests="1" name="tests.SearchProductTest" time="0.995" errors="0" timestamp="2025-08-26T18:05:09 WAT" skipped="0">
  <testcase classname="tests.SearchProductTest" name="UserCanSearchForProducts" time="0.995"/>
</testsuite> <!-- tests.SearchProductTest -->
