<?xml version="1.0" encoding="UTF-8"?>
<!-- Generated by org.testng.reporters.JUnitReportReporter -->
<testsuite hostname="DESKTOP-J11RMNP" failures="0" tests="3" name="tests.UserRegistrationTest" time="3.970" errors="0" timestamp="2025-08-17T13:21:13 WAT" skipped="0">
  <testcase classname="tests.UserRegistrationTest" name="RegisteredUserCanLogin" time="1.328"/>
  <testcase classname="tests.UserRegistrationTest" name="RegisteredUserCanLogout" time="0.728"/>
  <testcase classname="tests.UserRegistrationTest" name="UserCanRegisterSuccssfully" time="1.914"/>
</testsuite> <!-- tests.UserRegistrationTest -->
