<?xml version="1.0" encoding="UTF-8"?>
<!-- Generated by org.testng.reporters.JUnitReportReporter -->
<testsuite hostname="DESKTOP-J11RMNP" failures="0" tests="1" name="tests.SearchProductUsingAutoSuggestTest" time="11.916" errors="0" timestamp="2025-08-17T13:28:19 WAT" skipped="0">
  <testcase classname="tests.SearchProductUsingAutoSuggestTest" name="UserCanSearchWithAutoSuggest" time="11.916"/>
</testsuite> <!-- tests.SearchProductUsingAutoSuggestTest -->
