<?xml version="1.0" encoding="UTF-8"?>
<!-- Generated by org.testng.reporters.JUnitReportReporter -->
<testsuite hostname="DESKTOP-J11RMNP" failures="0" tests="1" name="tests.SearchProductTest" time="2.231" errors="0" timestamp="2025-08-17T13:54:10 WAT" skipped="0">
  <testcase classname="tests.SearchProductTest" name="UserCanSearchForProducts" time="2.231"/>
</testsuite> <!-- tests.SearchProductTest -->
