<?xml version="1.0" encoding="UTF-8"?>
<!-- Generated by org.testng.reporters.JUnitReportReporter -->
<testsuite hostname="DESKTOP-J11RMNP" failures="0" tests="1" name="tests.ContactUsTest" time="1.813" errors="0" timestamp="2025-08-17T00:04:36 WAT" skipped="0">
  <testcase classname="tests.ContactUsTest" name="UserCanUseContactUs" time="1.813"/>
</testsuite> <!-- tests.ContactUsTest -->
