<?xml version="1.0" encoding="UTF-8"?>
<!-- Generated by org.testng.reporters.JUnitReportReporter -->
<testsuite hostname="DESKTOP-J11RMNP" failures="0" tests="3" name="tests.UserRegistrationTestWithJavaFaker" time="3.323" errors="0" timestamp="2025-08-26T18:05:09 WAT" skipped="0">
  <testcase classname="tests.UserRegistrationTestWithJavaFaker" name="RegisteredUserCanLogin" time="1.353"/>
  <testcase classname="tests.UserRegistrationTestWithJavaFaker" name="RegisteredUserCanLogout" time="0.697"/>
  <testcase classname="tests.UserRegistrationTestWithJavaFaker" name="UserCanRegisterSuccssfully" time="1.273"/>
</testsuite> <!-- tests.UserRegistrationTestWithJavaFaker -->
