<?xml version="1.0" encoding="UTF-8"?>
<!-- Generated by org.testng.reporters.JUnitReportReporter -->
<testsuite hostname="DESKTOP-J11RMNP" failures="0" tests="3" name="tests.UserRegistrationTestWithJavaFaker" time="4.215" errors="0" timestamp="2025-08-17T14:49:36 WAT" skipped="0">
  <testcase classname="tests.UserRegistrationTestWithJavaFaker" name="RegisteredUserCanLogout" time="0.742"/>
  <testcase classname="tests.UserRegistrationTestWithJavaFaker" name="RegisteredUserCanLogin" time="1.241"/>
  <testcase classname="tests.UserRegistrationTestWithJavaFaker" name="UserCanRegisterSuccssfully" time="2.232"/>
</testsuite> <!-- tests.UserRegistrationTestWithJavaFaker -->
