<?xml version="1.0" encoding="UTF-8"?>
<!-- Generated by org.testng.reporters.JUnitReportReporter -->
<testsuite hostname="DESKTOP-J11RMNP" failures="0" tests="1" name="tests.ProductHoverMenuTest" time="1.077" errors="0" timestamp="2025-08-26T18:05:09 WAT" skipped="0">
  <testcase classname="tests.ProductHoverMenuTest" name="UserCanSelectSubCategoryFromMainMenu" time="1.077"/>
</testsuite> <!-- tests.ProductHoverMenuTest -->
