<?xml version="1.0" encoding="UTF-8"?>
<!-- Generated by org.testng.reporters.JUnitReportReporter -->
<testsuite hostname="DESKTOP-J11RMNP" failures="0" tests="1" name="tests.ProductHoverMenuTest" time="1.912" errors="0" timestamp="2025-08-17T13:54:40 WAT" skipped="0">
  <testcase classname="tests.ProductHoverMenuTest" name="UserCanSelectSubCategoryFromMainMenu" time="1.912"/>
</testsuite> <!-- tests.ProductHoverMenuTest -->
