<?xml version="1.0" encoding="UTF-8"?>
<!-- Generated by org.testng.reporters.JUnitReportReporter -->
<testsuite hostname="DESKTOP-J11RMNP" failures="0" tests="1" name="tests.ContactUsTest" time="1.705" errors="0" timestamp="2025-08-27T16:33:32 WAT" skipped="0">
  <testcase classname="tests.ContactUsTest" name="UserCanUseContactUs" time="1.705"/>
</testsuite> <!-- tests.ContactUsTest -->
